<?xml version="1.0" encoding="UTF-8"?>
<!-- Generated by org.testng.reporters.JUnitXMLReporter -->
<testsuite hostname="DESKTOP-BM4NCDP" ignored="0" name="ChromeTest" tests="3" failures="0" timestamp="11 Nov 2020 04:37:58 GMT" time="0.058" errors="0">
  <testcase name="@BeforeSuite launchApp" time="0.0" classname="testngPrac.testngp.baseClass">
    <failure type="org.testng.TestNGException" message="
Parameter &amp;apos;browser&amp;apos; is required by BeforeSuite on method launchApp but has not been marked @Optional or defined
in D:\Eclipse_Project\testngp\testng.xml">
      <![CDATA[org.testng.TestNGException: 
Parameter 'browser' is required by BeforeSuite on method launchApp but has not been marked @Optional or defined
in D:\Eclipse_Project\testngp\testng.xml
... Removed 21 stack frames]]>
    </failure>
  </testcase> <!-- @BeforeSuite launchApp -->
  <testcase name="getGoogleImage" time="0.0" classname="testngPrac.testngp.baseClass">
    <skipped/>
  </testcase> <!-- getGoogleImage -->
  <testcase name="verifyCurrentUrl" time="0.0" classname="testngPrac.testngp.baseClass">
    <skipped/>
  </testcase> <!-- verifyCurrentUrl -->
  <testcase name="verifyTitle" time="0.0" classname="testngPrac.testngp.baseClass">
    <skipped/>
  </testcase> <!-- verifyTitle -->
</testsuite> <!-- ChromeTest -->
