<?xml version="1.0" encoding="UTF-8"?>
<!-- Generated by org.testng.reporters.JUnitReportReporter -->
<testsuite skipped="3" hostname="DESKTOP-BM4NCDP" name="testngPrac.testngp.baseClass" tests="4" failures="0" timestamp="11 Nov 2020 04:37:59 GMT" time="0.000" errors="1">
  <testcase name="launchApp" time="0.000" classname="testngPrac.testngp.baseClass">
    <error type="org.testng.TestNGException" message="
Parameter &#039;browser&#039; is required by BeforeSuite on method launchApp but has not been marked @Optional or defined
in D:\Eclipse_Project\testngp\testng.xml">
      <![CDATA[org.testng.TestNGException: 
Parameter 'browser' is required by BeforeSuite on method launchApp but has not been marked @Optional or defined
in D:\Eclipse_Project\testngp\testng.xml
at org.testng.internal.Parameters.createParams(Parameters.java:290)
at org.testng.internal.Parameters.createParametersForMethod(Parameters.java:359)
at org.testng.internal.Parameters.createParameters(Parameters.java:620)
at org.testng.internal.Parameters.createConfigurationParameters(Parameters.java:190)
at org.testng.internal.Invoker.invokeConfigurations(Invoker.java:209)
at org.testng.internal.Invoker.invokeConfigurations(Invoker.java:142)
at org.testng.SuiteRunner.privateRun(SuiteRunner.java:401)
at org.testng.SuiteRunner.run(SuiteRunner.java:364)
at org.testng.SuiteRunnerWorker.runSuite(SuiteRunnerWorker.java:52)
at org.testng.SuiteRunnerWorker.run(SuiteRunnerWorker.java:84)
at org.testng.TestNG.runSuitesSequentially(TestNG.java:1208)
at org.testng.TestNG.runSuitesLocally(TestNG.java:1137)
at org.testng.TestNG.runSuites(TestNG.java:1049)
at org.testng.TestNG.run(TestNG.java:1017)
at org.apache.maven.surefire.testng.TestNGExecutor.run(TestNGExecutor.java:283)
at org.apache.maven.surefire.testng.TestNGXmlTestSuite.execute(TestNGXmlTestSuite.java:75)
at org.apache.maven.surefire.testng.TestNGProvider.invoke(TestNGProvider.java:120)
at org.apache.maven.surefire.booter.ForkedBooter.invokeProviderInSameClassLoader(ForkedBooter.java:384)
at org.apache.maven.surefire.booter.ForkedBooter.runSuitesInProcess(ForkedBooter.java:345)
at org.apache.maven.surefire.booter.ForkedBooter.execute(ForkedBooter.java:126)
at org.apache.maven.surefire.booter.ForkedBooter.main(ForkedBooter.java:418)
]]>
    </error>
  </testcase> <!-- launchApp -->
  <testcase name="getGoogleImage" time="0.000" classname="testngPrac.testngp.baseClass">
    <skipped/>
  </testcase> <!-- getGoogleImage -->
  <testcase name="verifyCurrentUrl" time="0.000" classname="testngPrac.testngp.baseClass">
    <skipped/>
  </testcase> <!-- verifyCurrentUrl -->
  <testcase name="verifyTitle" time="0.000" classname="testngPrac.testngp.baseClass">
    <skipped/>
  </testcase> <!-- verifyTitle -->
</testsuite> <!-- testngPrac.testngp.baseClass -->
